<?xml version="1.0" encoding="UTF-8"?>
<!-- Generated by org.testng.reporters.JUnitXMLReporter -->
<testsuite ignored="0" hostname="LAPTOP-DK97CVEC" failures="0" tests="10" name="ChromeTest" time="23.307" errors="0" timestamp="2022-04-10T16:29:12 IST">
  <testcase classname="test.VerifyApplicationHeaderPage" name="verifyTimeTrack" time="2.618"/>
  <testcase classname="test.CopiedVerifyApplicationHeaderPage" name="verifyTimeTrack" time="3.134"/>
  <testcase classname="test.VerifyApplicationHeaderPage" name="verifyTasksTab" time="0.388"/>
  <testcase classname="test.CopiedVerifyApplicationHeaderPage" name="verifyTasksTab" time="0.388"/>
  <testcase classname="test.VerifyApplicationHeaderPage" name="verifyReports" time="0.384"/>
  <testcase classname="test.CopiedVerifyApplicationHeaderPage" name="verifyReports" time="0.403"/>
  <testcase classname="test.VerifyApplicationHeaderPage" name="verifyUserTab" time="0.635"/>
  <testcase classname="test.CopiedVerifyApplicationHeaderPage" name="verifyUserTab" time="0.584"/>
  <testcase classname="test.VerifyApplicationHeaderPage" name="verifyWorkShedule" time="0.34"/>
  <testcase classname="test.CopiedVerifyApplicationHeaderPage" name="verifyWorkShedule" time="0.316"/>
</testsuite> <!-- ChromeTest -->
