<?xml version="1.0" encoding="UTF-8"?>
<!-- Generated by org.testng.reporters.JUnitXMLReporter -->
<testsuite ignored="0" hostname="LAPTOP-DK97CVEC" failures="0" tests="10" name="EdgeTest" time="24.331" errors="0" timestamp="2022-04-10T16:28:25 IST">
  <testcase classname="test.VerifyApplicationHeaderPage" name="verifyTimeTrack" time="0.535"/>
  <testcase classname="test.CopiedVerifyApplicationHeaderPage" name="verifyTimeTrack" time="0.647"/>
  <testcase classname="test.VerifyApplicationHeaderPage" name="verifyTasksTab" time="0.47"/>
  <testcase classname="test.CopiedVerifyApplicationHeaderPage" name="verifyTasksTab" time="0.455"/>
  <testcase classname="test.VerifyApplicationHeaderPage" name="verifyReports" time="0.432"/>
  <testcase classname="test.CopiedVerifyApplicationHeaderPage" name="verifyReports" time="0.434"/>
  <testcase classname="test.VerifyApplicationHeaderPage" name="verifyUserTab" time="0.621"/>
  <testcase classname="test.CopiedVerifyApplicationHeaderPage" name="verifyUserTab" time="0.631"/>
  <testcase classname="test.VerifyApplicationHeaderPage" name="verifyWorkShedule" time="0.426"/>
  <testcase classname="test.CopiedVerifyApplicationHeaderPage" name="verifyWorkShedule" time="0.411"/>
</testsuite> <!-- EdgeTest -->
