<?xml version="1.0" encoding="UTF-8"?>
<!-- Generated by org.testng.reporters.JUnitXMLReporter -->
<testsuite ignored="0" hostname="LAPTOP-DK97CVEC" failures="0" tests="10" name="OperaTest" time="23.873" errors="0" timestamp="2022-04-10T16:28:49 IST">
  <testcase classname="test.CopiedVerifyApplicationHeaderPage" name="verifyTimeTrack" time="1.018"/>
  <testcase classname="test.VerifyApplicationHeaderPage" name="verifyTimeTrack" time="1.159"/>
  <testcase classname="test.VerifyApplicationHeaderPage" name="verifyTasksTab" time="0.998"/>
  <testcase classname="test.CopiedVerifyApplicationHeaderPage" name="verifyTasksTab" time="0.969"/>
  <testcase classname="test.VerifyApplicationHeaderPage" name="verifyReports" time="0.551"/>
  <testcase classname="test.CopiedVerifyApplicationHeaderPage" name="verifyReports" time="0.549"/>
  <testcase classname="test.VerifyApplicationHeaderPage" name="verifyUserTab" time="0.825"/>
  <testcase classname="test.CopiedVerifyApplicationHeaderPage" name="verifyUserTab" time="0.838"/>
  <testcase classname="test.VerifyApplicationHeaderPage" name="verifyWorkShedule" time="0.484"/>
  <testcase classname="test.CopiedVerifyApplicationHeaderPage" name="verifyWorkShedule" time="0.4"/>
</testsuite> <!-- OperaTest -->
